
543   LineLength
535   StringLiterals
193   Documentation
137   MethodLength
92    RedundantSelf
48    IfUnlessModifier
47    MethodDefParentheses
35    CyclomaticComplexity
30    SpaceAroundBlockBraces
23    SpaceInsideHashLiteralBraces
22    TrailingComma
22    DotPosition
18    ClassLength
17    ColonMethodCall
17    UselessAssignment
17    AndOr
13    SignalException
12    AlignHash
11    SpaceInsideBrackets
11    RegexpLiteral
10    EmptyLinesAroundBody
9     PredicateName
8     HashSyntax
7     SpaceAfterComma
7     IndentationWidth
7     SpaceAroundEqualsInParameterDefault
7     WhenThen
6     EmptyLines
6     RedundantReturn
6     RaiseArgs
5     AlignParameters
5     MultilineIfThen
5     TrailingWhitespace
5     AssignmentInCondition
4     TrivialAccessors
4     CaseIndentation
4     LeadingCommentSpace
4     BracesAroundHashParameters
4     EndAlignment
4     SpaceInsideParens
4     For
3     CommentAnnotation
3     TrailingBlankLines
3     Semicolon
3     PerlBackrefs
2     NumericLiterals
2     AccessorMethodName
2     ShadowingOuterLocalVariable
2     SpaceAfterControlKeyword
2     Void
2     FinalNewline
2     FavorUnlessOverNegatedIf
1     SpaceAfterColon
1     Alias
1     ParenthesesAroundCondition
1     AmbiguousRegexpLiteral
1     EmptyLiteral
1     WordArray
1     WhileUntilDo
1     LiteralInCondition
1     HashMethods
1     SingleLineBlockParams
1     AccessModifierIndentation

