[warn]: in YARD::Handlers::Ruby::MixinHandler: Undocumentable mixin: YARD::Parser::UndocumentableError for class Gitlab::UrlBuilder
[warn]: 	in file 'lib/gitlab/url_builder.rb':3:

	3: include Rails.application.routes.url_helpers

[warn]: @param tag has unknown parameter name: the 
    in file `app/models/network/graph.rb' near line 170
[warn]: @param tag has unknown parameter name: the 
    in file `app/models/network/graph.rb' near line 257
[warn]: in YARD::Handlers::Ruby::MixinHandler: Undocumentable mixin: YARD::Parser::UndocumentableError for class Projects::ImageService
[warn]: 	in file 'app/services/projects/image_service.rb':3:

	3: include Rails.application.routes.url_helpers

Files:         289
Modules:        74 (   65 undocumented)
Classes:       273 (  205 undocumented)
Constants:      52 (   46 undocumented)
Methods:      1466 (  981 undocumented)
 30.46% documented

Undocumented Objects:

(in file: app/controllers/admin/application_controller.rb)
Admin::ApplicationController#authenticate_admin!

(in file: app/controllers/admin/background_jobs_controller.rb)
Admin::BackgroundJobsController#show

(in file: app/controllers/admin/broadcast_messages_controller.rb)
Admin::BroadcastMessagesController
Admin::BroadcastMessagesController#destroy
Admin::BroadcastMessagesController#create
Admin::BroadcastMessagesController#index

(in file: app/controllers/admin/dashboard_controller.rb)
Admin::DashboardController
Admin::DashboardController#index

(in file: app/controllers/admin/groups_controller.rb)
Admin::GroupsController#project_teams_update
Admin::GroupsController#edit
Admin::GroupsController#update
Admin::GroupsController#create
Admin::GroupsController#destroy
Admin::GroupsController#new
Admin::GroupsController#show
Admin::GroupsController
Admin::GroupsController#index

(in file: app/controllers/admin/hooks_controller.rb)
Admin::HooksController#destroy
Admin::HooksController#index
Admin::HooksController#test
Admin::HooksController
Admin::HooksController#hook_params
Admin::HooksController#create

(in file: app/controllers/admin/logs_controller.rb)
Admin::LogsController

(in file: app/controllers/admin/projects_controller.rb)
Admin::ProjectsController#index
Admin::ProjectsController#show
Admin::ProjectsController#transfer
Admin::ProjectsController

(in file: app/controllers/admin/users_controller.rb)
Admin::UsersController#update
Admin::UsersController#create
Admin::UsersController#new
Admin::UsersController#unblock
Admin::UsersController#destroy
Admin::UsersController#show
Admin::UsersController#remove_email
Admin::UsersController#block
Admin::UsersController
Admin::UsersController#edit
Admin::UsersController#index

(in file: app/controllers/application_controller.rb)
ApplicationController

(in file: app/controllers/dashboard_base_controller.rb)
DashboardBaseController#issues
DashboardBaseController
DashboardBaseController#merge_requests

(in file: app/controllers/dashboard_controller.rb)
DashboardController#show
DashboardController
DashboardController#projects

(in file: app/controllers/files_controller.rb)
FilesController
FilesController#download

(in file: app/controllers/groups/avatars_controller.rb)
Groups::AvatarsController
Groups::AvatarsController#destroy

(in file: app/controllers/groups/milestones_controller.rb)
Groups::MilestonesController#show
Groups::MilestonesController
Groups::MilestonesController#index
Groups::MilestonesController#update

(in file: app/controllers/groups_controller.rb)
GroupsController#members
GroupsController#destroy
GroupsController#create
GroupsController#new
GroupsController#update
GroupsController
GroupsController#edit
GroupsController#show
GroupsController#projects

(in file: app/controllers/help_controller.rb)
HelpController#show
HelpController#index
HelpController#shortcuts
HelpController

(in file: app/controllers/namespaces_controller.rb)
NamespacesController
NamespacesController#show

(in file: app/controllers/omniauth_callbacks_controller.rb)
OmniauthCallbacksController#ldap
OmniauthCallbacksController
OmniauthCallbacksController#omniauth_error

(in file: app/controllers/passwords_controller.rb)
PasswordsController
PasswordsController#create

(in file: app/controllers/profiles/accounts_controller.rb)
Profiles::AccountsController
Profiles::AccountsController#show

(in file: app/controllers/profiles/avatars_controller.rb)
Profiles::AvatarsController#destroy
Profiles::AvatarsController

(in file: app/controllers/profiles/emails_controller.rb)
Profiles::EmailsController#index
Profiles::EmailsController#destroy
Profiles::EmailsController#create
Profiles::EmailsController

(in file: app/controllers/profiles/groups_controller.rb)
Profiles::GroupsController#index
Profiles::GroupsController
Profiles::GroupsController#leave

(in file: app/controllers/profiles/keys_controller.rb)
Profiles::KeysController#show
Profiles::KeysController#index
Profiles::KeysController#new
Profiles::KeysController#create
Profiles::KeysController
Profiles::KeysController#destroy

(in file: app/controllers/profiles/notifications_controller.rb)
Profiles::NotificationsController#show
Profiles::NotificationsController
Profiles::NotificationsController#update

(in file: app/controllers/profiles/passwords_controller.rb)
Profiles::PasswordsController#create
Profiles::PasswordsController#new
Profiles::PasswordsController
Profiles::PasswordsController#edit
Profiles::PasswordsController#reset
Profiles::PasswordsController#update

(in file: app/controllers/profiles_controller.rb)
ProfilesController#design
ProfilesController
ProfilesController#show
ProfilesController#reset_private_token
ProfilesController#update
ProfilesController#history
ProfilesController#update_username

(in file: app/controllers/projects/application_controller.rb)
Projects::ApplicationController#determine_layout
Projects::ApplicationController#require_branch_head
Projects::ApplicationController#authenticate_user!
Projects::ApplicationController

(in file: app/controllers/projects/base_tree_controller.rb)
Projects::BaseTreeController

(in file: app/controllers/projects/blame_controller.rb)
Projects::BlameController#show

(in file: app/controllers/projects/blob_controller.rb)
Projects::BlobController#show
Projects::BlobController#destroy

(in file: app/controllers/projects/branches_controller.rb)
Projects::BranchesController
Projects::BranchesController#destroy
Projects::BranchesController#index
Projects::BranchesController#recent
Projects::BranchesController#create

(in file: app/controllers/projects/commit_controller.rb)
Projects::CommitController#commit
Projects::CommitController#show

(in file: app/controllers/projects/commits_controller.rb)
Projects::CommitsController
Projects::CommitsController#show

(in file: app/controllers/projects/compare_controller.rb)
Projects::CompareController#index
Projects::CompareController#create
Projects::CompareController
Projects::CompareController#show

(in file: app/controllers/projects/deploy_keys_controller.rb)
Projects::DeployKeysController#index
Projects::DeployKeysController#show
Projects::DeployKeysController#disable
Projects::DeployKeysController#new
Projects::DeployKeysController#create
Projects::DeployKeysController#destroy
Projects::DeployKeysController
Projects::DeployKeysController#enable

(in file: app/controllers/projects/edit_tree_controller.rb)
Projects::EditTreeController#show
Projects::EditTreeController#update
Projects::EditTreeController
Projects::EditTreeController#preview

(in file: app/controllers/projects/graphs_controller.rb)
Projects::GraphsController#show
Projects::GraphsController

(in file: app/controllers/projects/hooks_controller.rb)
Projects::HooksController
Projects::HooksController#destroy
Projects::HooksController#test
Projects::HooksController#create
Projects::HooksController#index

(in file: app/controllers/projects/issues_controller.rb)
Projects::IssuesController#show
Projects::IssuesController#create
Projects::IssuesController#edit
Projects::IssuesController#update
Projects::IssuesController#new
Projects::IssuesController#bulk_update
Projects::IssuesController
Projects::IssuesController#index

(in file: app/controllers/projects/labels_controller.rb)
Projects::LabelsController#generate
Projects::LabelsController
Projects::LabelsController#index

(in file: app/controllers/projects/merge_requests_controller.rb)
Projects::MergeRequestsController#branch_to
Projects::MergeRequestsController#branch_from
Projects::MergeRequestsController#show
Projects::MergeRequestsController#update_branches
Projects::MergeRequestsController#diffs
Projects::MergeRequestsController#new
Projects::MergeRequestsController#edit
Projects::MergeRequestsController#create
Projects::MergeRequestsController#automerge
Projects::MergeRequestsController#ci_status
Projects::MergeRequestsController
Projects::MergeRequestsController#update
Projects::MergeRequestsController#index
Projects::MergeRequestsController#automerge_check

(in file: app/controllers/projects/milestones_controller.rb)
Projects::MilestonesController#destroy
Projects::MilestonesController#edit
Projects::MilestonesController#show
Projects::MilestonesController#new
Projects::MilestonesController#sort_issues
Projects::MilestonesController#create
Projects::MilestonesController#sort_merge_requests
Projects::MilestonesController
Projects::MilestonesController#update
Projects::MilestonesController#index

(in file: app/controllers/projects/network_controller.rb)
Projects::NetworkController
Projects::NetworkController#show

(in file: app/controllers/projects/new_tree_controller.rb)
Projects::NewTreeController#show
Projects::NewTreeController#update
Projects::NewTreeController

(in file: app/controllers/projects/notes_controller.rb)
Projects::NotesController#update
Projects::NotesController#create
Projects::NotesController#preview
Projects::NotesController
Projects::NotesController#index
Projects::NotesController#destroy
Projects::NotesController#delete_attachment

(in file: app/controllers/projects/protected_branches_controller.rb)
Projects::ProtectedBranchesController#create
Projects::ProtectedBranchesController
Projects::ProtectedBranchesController#destroy
Projects::ProtectedBranchesController#index

(in file: app/controllers/projects/raw_controller.rb)
Projects::RawController#show

(in file: app/controllers/projects/refs_controller.rb)
Projects::RefsController
Projects::RefsController#switch
Projects::RefsController#logs_tree

(in file: app/controllers/projects/repositories_controller.rb)
Projects::RepositoriesController
Projects::RepositoriesController#stats
Projects::RepositoriesController#archive

(in file: app/controllers/projects/services_controller.rb)
Projects::ServicesController
Projects::ServicesController#edit
Projects::ServicesController#update
Projects::ServicesController#test
Projects::ServicesController#index

(in file: app/controllers/projects/snippets_controller.rb)
Projects::SnippetsController#show
Projects::SnippetsController#update
Projects::SnippetsController#edit
Projects::SnippetsController#create
Projects::SnippetsController#new
Projects::SnippetsController
Projects::SnippetsController#raw
Projects::SnippetsController#destroy
Projects::SnippetsController#index

(in file: app/controllers/projects/tags_controller.rb)
Projects::TagsController#destroy
Projects::TagsController#create
Projects::TagsController
Projects::TagsController#index

(in file: app/controllers/projects/team_members_controller.rb)
Projects::TeamMembersController#leave
Projects::TeamMembersController#index
Projects::TeamMembersController#create
Projects::TeamMembersController
Projects::TeamMembersController#update
Projects::TeamMembersController#new
Projects::TeamMembersController#destroy
Projects::TeamMembersController#apply_import

(in file: app/controllers/projects/tree_controller.rb)
Projects::TreeController#show

(in file: app/controllers/projects/wikis_controller.rb)
Projects::WikisController#history
Projects::WikisController#update
Projects::WikisController#git_access
Projects::WikisController#destroy
Projects::WikisController#edit
Projects::WikisController#show
Projects::WikisController#pages
Projects::WikisController#create
Projects::WikisController

(in file: app/controllers/projects_controller.rb)
ProjectsController#create
ProjectsController#new
ProjectsController#autocomplete_sources
ProjectsController#update
ProjectsController#fork
ProjectsController#archive
ProjectsController#import
ProjectsController#unarchive
ProjectsController#edit
ProjectsController#upload_image
ProjectsController
ProjectsController#show
ProjectsController#destroy
ProjectsController#retry_import
ProjectsController#transfer

(in file: app/controllers/public/projects_controller.rb)
Public::ProjectsController
Public::ProjectsController#index

(in file: app/controllers/registrations_controller.rb)
RegistrationsController
RegistrationsController#destroy

(in file: app/controllers/search_controller.rb)
SearchController#autocomplete
SearchController#show
SearchController

(in file: app/controllers/snippets_controller.rb)
SnippetsController#update
SnippetsController#user_index
SnippetsController#new
SnippetsController#raw
SnippetsController
SnippetsController#destroy
SnippetsController#index
SnippetsController#edit
SnippetsController#show
SnippetsController#create

(in file: app/controllers/users_controller.rb)
UsersController#determine_layout
UsersController#show
UsersController

(in file: app/controllers/users_groups_controller.rb)
UsersGroupsController#update
UsersGroupsController#create
UsersGroupsController#destroy
UsersGroupsController

(in file: app/controllers/users_sessions_controller.rb)
UsersSessionsController
UsersSessionsController#create

(in file: app/finders/base_finder.rb)
BaseFinder#execute

(in file: app/finders/groups_finder.rb)
GroupsFinder#execute
GroupsFinder

(in file: app/finders/issues_finder.rb)
IssuesFinder#klass

(in file: app/finders/merge_requests_finder.rb)
MergeRequestsFinder#klass

(in file: app/finders/notes_finder.rb)
NotesFinder::FETCH_OVERLAP
NotesFinder
NotesFinder#execute

(in file: app/finders/projects_finder.rb)
ProjectsFinder
ProjectsFinder#execute

(in file: app/helpers/application_helper.rb)
ApplicationHelper#grouped_options_refs
ApplicationHelper#body_data_page
ApplicationHelper#avatar_icon
ApplicationHelper#gravatar_icon
ApplicationHelper#default_avatar
ApplicationHelper#last_commit
ApplicationHelper#search_placeholder
ApplicationHelper#emoji_autocomplete_source
ApplicationHelper#app_theme
ApplicationHelper
ApplicationHelper#image_url
ApplicationHelper#user_color_scheme_class
ApplicationHelper#first_line
ApplicationHelper#broadcast_message
ApplicationHelper#authbutton
ApplicationHelper#simple_sanitize
ApplicationHelper#group_icon
ApplicationHelper#link_to
ApplicationHelper#spinner
ApplicationHelper#render_markup
ApplicationHelper#time_ago_with_tooltip
ApplicationHelper::COLOR_SCHEMES
ApplicationHelper#highlight_js
ApplicationHelper#hexdigest

(in file: app/helpers/blob_helper.rb)
BlobHelper#no_highlight_files
BlobHelper#highlightjs_class
BlobHelper

(in file: app/helpers/branches_helper.rb)
BranchesHelper

(in file: app/helpers/broadcast_messages_helper.rb)
BroadcastMessagesHelper
BroadcastMessagesHelper#broadcast_styling

(in file: app/helpers/commits_helper.rb)
CommitsHelper#diff_line_content
CommitsHelper#parallel_diff_lines
CommitsHelper#commit_to_html
CommitsHelper#each_diff_line
CommitsHelper#each_diff_line_near
CommitsHelper#image_diff_class
CommitsHelper

(in file: app/helpers/compare_helper.rb)
CompareHelper#compare_mr_path
CompareHelper

(in file: app/helpers/dashboard_helper.rb)
DashboardHelper#projects_dashboard_filter_path
DashboardHelper
DashboardHelper#entities_per_project
DashboardHelper#filter_path

(in file: app/helpers/events_helper.rb)
EventsHelper#event_note_title_html
EventsHelper#event_action_name
EventsHelper
EventsHelper#event_filter_link
EventsHelper#icon_for_event
EventsHelper#link_to_author
EventsHelper#event_feed_title
EventsHelper#event_feed_url
EventsHelper#event_feed_summary
EventsHelper#event_note_target_path
EventsHelper#event_note
EventsHelper#event_commit_title

(in file: app/helpers/gitlab_markdown_helper.rb)
GitlabMarkdownHelper#create_relative_links
GitlabMarkdownHelper#markdown
GitlabMarkdownHelper#render_wiki_content
GitlabMarkdownHelper#substitute_links
GitlabMarkdownHelper
GitlabMarkdownHelper#rebuild_path
GitlabMarkdownHelper#sanitize_slashes
GitlabMarkdownHelper#relative_file_path
GitlabMarkdownHelper#current_sha
GitlabMarkdownHelper#extract_paths
GitlabMarkdownHelper#ignored_protocols
GitlabMarkdownHelper#substitute_image_links

(in file: app/helpers/graph_helper.rb)
GraphHelper
GraphHelper#get_refs
GraphHelper#parents_zip_spaces

(in file: app/helpers/groups_helper.rb)
GroupsHelper
GroupsHelper#leave_group_message
GroupsHelper#group_filter_path
GroupsHelper#group_head_title
GroupsHelper#remove_user_from_group_message

(in file: app/helpers/icons_helper.rb)
IconsHelper#private_icon
IconsHelper#internal_icon
IconsHelper#public_icon
IconsHelper#boolean_to_icon
IconsHelper

(in file: app/helpers/issues_helper.rb)
IssuesHelper#bulk_update_milestone_options
IssuesHelper#url_for_issue
IssuesHelper#title_for_issue
IssuesHelper#issue_css_classes
IssuesHelper
IssuesHelper#url_for_project_issues
IssuesHelper#assignee_options
IssuesHelper#url_for_new_issue
IssuesHelper#bulk_update_assignee_options
IssuesHelper#issue_box_class
IssuesHelper#milestone_options

(in file: app/helpers/labels_helper.rb)
LabelsHelper#labels_autocomplete_source
LabelsHelper#label_css_class
LabelsHelper
LabelsHelper#issue_label_names

(in file: app/helpers/merge_requests_helper.rb)
MergeRequestsHelper
MergeRequestsHelper#issues_sentence
MergeRequestsHelper#new_mr_path_from_push_event
MergeRequestsHelper#merge_path_description
MergeRequestsHelper#new_mr_path_for_fork_from_push_event
MergeRequestsHelper#ci_build_details_path
MergeRequestsHelper#mr_css_classes
MergeRequestsHelper#new_mr_from_push_event

(in file: app/helpers/namespaces_helper.rb)
NamespacesHelper#namespaces_options
NamespacesHelper
NamespacesHelper#namespace_select_tag

(in file: app/helpers/notes_helper.rb)
NotesHelper#link_to_reply_diff
NotesHelper#link_to_new_diff_note
NotesHelper#noteable_json
NotesHelper#note_timestamp
NotesHelper#note_target_fields
NotesHelper
NotesHelper#link_to_commit_diff_line_note

(in file: app/helpers/notifications_helper.rb)
NotificationsHelper#notification_icon
NotificationsHelper

(in file: app/helpers/oauth_helper.rb)
OauthHelper#enabled_oauth_providers
OauthHelper#enabled_social_providers
OauthHelper#default_providers
OauthHelper

(in file: app/helpers/profile_helper.rb)
ProfileHelper
ProfileHelper#oauth_active_class

(in file: app/helpers/projects_helper.rb)
ProjectsHelper#link_to_project
ProjectsHelper#link_to_member
ProjectsHelper#label_filter_class
ProjectsHelper#project_title
ProjectsHelper#project_filter_path
ProjectsHelper#remove_project_message
ProjectsHelper#project_issues_trackers
ProjectsHelper#project_active_milestones
ProjectsHelper#project_nav_tabs
ProjectsHelper
ProjectsHelper#labels_filter_path
ProjectsHelper#remove_from_project_team_message

(in file: app/helpers/search_helper.rb)
SearchHelper#search_autocomplete_opts
SearchHelper

(in file: app/helpers/selects_helper.rb)
SelectsHelper
SelectsHelper#project_users_select_tag
SelectsHelper#users_select_tag

(in file: app/helpers/snippets_helper.rb)
SnippetsHelper#reliable_snippet_path
SnippetsHelper
SnippetsHelper#lifetime_select_options

(in file: app/helpers/submodule_helper.rb)
SubmoduleHelper

(in file: app/helpers/tab_helper.rb)
TabHelper#project_tab_class
TabHelper#branches_tab_class
TabHelper

(in file: app/helpers/tags_helper.rb)
TagsHelper#tag_path
TagsHelper#tag_list
TagsHelper

(in file: app/helpers/tree_helper.rb)
TreeHelper#editing_preview_title
TreeHelper#leave_edit_message
TreeHelper#tree_hex_class
TreeHelper#tree_breadcrumbs
TreeHelper
TreeHelper#up_dir_path

(in file: app/helpers/visibility_level_helper.rb)
VisibilityLevelHelper#visibility_level_icon
VisibilityLevelHelper#visibility_level_description
VisibilityLevelHelper
VisibilityLevelHelper#visibility_level_color
VisibilityLevelHelper#visibility_level_label
VisibilityLevelHelper#restricted_visibility_levels

(in file: app/mailers/emails/groups.rb)
Emails::Groups#group_access_granted_email
Emails::Groups

(in file: app/mailers/emails/issues.rb)
Emails::Issues#reassigned_issue_email
Emails::Issues#new_issue_email
Emails::Issues
Emails::Issues#issue_status_changed_email
Emails::Issues#closed_issue_email

(in file: app/mailers/emails/merge_requests.rb)
Emails::MergeRequests
Emails::MergeRequests#new_merge_request_email
Emails::MergeRequests#reassigned_merge_request_email
Emails::MergeRequests#merged_merge_request_email
Emails::MergeRequests#closed_merge_request_email

(in file: app/mailers/emails/notes.rb)
Emails
Emails::Notes#note_merge_request_email
Emails::Notes#note_issue_email
Emails::Notes
Emails::Notes#note_commit_email

(in file: app/mailers/emails/profile.rb)
Emails::Profile#new_ssh_key_email
Emails::Profile#new_user_email
Emails::Profile#new_email_email
Emails::Profile

(in file: app/mailers/emails/projects.rb)
Emails::Projects#project_was_moved_email
Emails::Projects#project_access_granted_email
Emails::Projects
Emails::Projects#repository_push_email

(in file: app/models/ability.rb)
Ability.project_dev_rules
Ability.project_master_rules
Ability
Ability.project_archived_rules
Ability.project_admin_rules
Ability.project_report_rules
Ability.group_abilities
Ability.global_abilities
Ability.project_abilities
Ability.namespace_abilities
Ability.users_group_abilities
Ability.public_project_rules
Ability.project_guest_rules
Ability.allowed

(in file: app/models/broadcast_message.rb)
BroadcastMessage.current

(in file: app/models/commit.rb)
Commit
Commit#method_missing
Commit#diff_line_count
Commit#id
Commit.decorate
Commit::DIFF_SAFE_LINES
Commit::DIFF_HARD_LIMIT_LINES

(in file: app/models/concerns/internal_id.rb)
InternalId#to_param
InternalId#set_iid
InternalId

(in file: app/models/concerns/issuable.rb)
Issuable::ClassMethods#sort
Issuable#to_hook_data
Issuable#downvotes_in_percent
Issuable::ClassMethods#search
Issuable::ClassMethods
Issuable#upvotes_in_percent

(in file: app/models/concerns/mentionable.rb)
Mentionable#mentioned_users
Mentionable::ClassMethods

(in file: app/models/concerns/notifiable.rb)
Notifiable#notification

(in file: app/models/diff_line.rb)
DiffLine

(in file: app/models/email.rb)
Email#notify
Email#cleanup_email
Email#unique_email

(in file: app/models/event.rb)
Event#commits_count
Event::JOINED
Event#project_name
Event#target_title
Event::MERGED
Event::COMMENTED
Event::PUSHED
Event#issue
Event#merge_request
Event#note
Event#action_name
Event::REOPENED
Event#commit_from
Event::CLOSED
Event::UPDATED
Event::CREATED
Event#commit_to
Event#ref_name
Event#branch_name
Event#tag_name
Event#ref_type
Event#push_action_name
Event#note_commit_id
Event#target_iid
Event#note_short_commit_id
Event#note_target
Event#note_target_id
Event#note_target_iid
Event#note_target_type
Event#reset_project_activity
Event.create_ref_event

(in file: app/models/group.rb)
Group#owners
Group#human_name
Group#add_users
Group
Group#add_owner
Group#members
Group#avatar_type
Group#add_user

(in file: app/models/group_milestone.rb)
GroupMilestone#issues
GroupMilestone#state
GroupMilestone#percent_complete
GroupMilestone#total_items_count
GroupMilestone#title
GroupMilestone#merge_requests
GroupMilestone
GroupMilestone#opened_merge_requests
GroupMilestone#closed_merge_requests
GroupMilestone#opened_issues
GroupMilestone#closed_items_count
GroupMilestone#open_items_count
GroupMilestone#merge_requests_count
GroupMilestone#issue_count
GroupMilestone#projects
GroupMilestone#milestones
GroupMilestone#participants
GroupMilestone#closed_issues
GroupMilestone#safe_title

(in file: app/models/issue.rb)
Issue

(in file: app/models/key.rb)
Key#shell_id
Key#strip_white_space
Key
Key#add_to_shell
Key#notify_user
Key#remove_from_shell

(in file: app/models/merge_request.rb)
MergeRequest#merge_commit_message
MergeRequest#validate_fork
MergeRequest#source_project_namespace
MergeRequest#target_project_namespace
MergeRequest#validate_branches
MergeRequest#source_project_path
MergeRequest#target_project_path
MergeRequest#reload_code
MergeRequest#check_if_can_be_merged
MergeRequest#merge_event
MergeRequest#closed_event
MergeRequest#automerge!
MergeRequest#mr_and_commit_notes
MergeRequest#project
MergeRequest
MergeRequest#update_merge_request_diff

(in file: app/models/merge_request_diff.rb)
MergeRequestDiff#last_commit
MergeRequestDiff#last_commit_short_sha
MergeRequestDiff#reload_content
MergeRequestDiff

(in file: app/models/milestone.rb)
Milestone#closed_items_count
Milestone#percent_complete
Milestone#open_items_count
Milestone#expires_at
Milestone#total_items_count
Milestone#author_id

(in file: app/models/namespace.rb)
Namespace#ensure_dir_exist
Namespace#human_name
Namespace#to_param
Namespace.global_id
Namespace.search
Namespace#send_update_instructions
Namespace#move_dir
Namespace#rm_dir
Namespace#kind

(in file: app/models/network/commit.rb)
Network::Commit
Network::Commit#parents
Network::Commit#space
Network::Commit#method_missing

(in file: app/models/network/graph.rb)
Network::Graph
Network
Network::Graph.max_count

(in file: app/models/note.rb)
Note#noteable_type_name
Note.discussions_from_notes
Note.create_assignee_change_note
Note.create_milestone_change_note
Note.create_status_change_note
Note#diff_old_line
Note#commit_author
Note#diff_line
Note#discussion_id
Note#diff_new_line
Note#diff_file_name
Note#diff_file_index
Note#diff
Note#set_references
Note#find_diff
Note#set_diff
Note
Note.build_discussion_id

(in file: app/models/notification.rb)
Notification.project_notification_levels
Notification.options_with_labels
Notification
Notification::N_PARTICIPATING
Notification.notification_levels
Notification::N_WATCH
Notification::N_GLOBAL
Notification#level

(in file: app/models/project.rb)
Project#default_branch
Project#web_url
Project#ci_services
Project#ci_service
Project#items_for
Project#send_move_instructions
Project#owner
Project#team_member_by_name_or_email
Project#name_with_namespace
Project#path_with_namespace
Project#execute_hooks
Project#execute_services
Project#update_merge_requests
Project#ensure_satellite_exists
Project#satellite
Project#repo
Project#url_to_repo
Project#namespace_dir
Project#open_branches
Project#protected_branches_names
Project#ssh_url_to_repo
Project#http_url_to_repo
Project#rename_repo
Project#project_member
Project#project_id
Project#reload_default_branch
Project#visibility_level_field
Project#archive!
Project#unarchive!
Project#change_head
Project#update_repository_size
Project#last_activity_date
Project#last_activity
Project#build_commit_note
Project#web_url_without_protocol
Project#to_param
Project#check_limit
Project#add_import_job
Project#repository
Project#team
Project.sort
Project.visibility_levels
Project.find_with_namespace
Project#available_services_names
Project.search_by_title
Project.search
Project.active
Project.with_push
Project.publicish
Project.abandoned
Project.public_and_internal_levels
Project#build_missing_services

(in file: app/models/project_services/assembla_service.rb)
AssemblaService#title
AssemblaService#description
AssemblaService#to_param
AssemblaService#fields
AssemblaService#execute

(in file: app/models/project_services/campfire_service.rb)
CampfireService#to_param
CampfireService#title
CampfireService#execute
CampfireService#description
CampfireService#fields

(in file: app/models/project_services/ci_service.rb)
CiService#category

(in file: app/models/project_services/emails_on_push_service.rb)
EmailsOnPushService#title
EmailsOnPushService#fields
EmailsOnPushService#description
EmailsOnPushService#execute
EmailsOnPushService#to_param

(in file: app/models/project_services/flowdock_service.rb)
FlowdockService
FlowdockService#execute
FlowdockService#fields
FlowdockService#title
FlowdockService#description
FlowdockService#to_param

(in file: app/models/project_services/gemnasium_service.rb)
GemnasiumService#description
GemnasiumService
GemnasiumService#execute
GemnasiumService#to_param
GemnasiumService#fields
GemnasiumService#title

(in file: app/models/project_services/gitlab_ci_service.rb)
GitlabCiService#to_param
GitlabCiService#fields
GitlabCiService#title
GitlabCiService#status_img_path
GitlabCiService#compose_service_hook
GitlabCiService#commit_status_path
GitlabCiService#builds_path
GitlabCiService#description
GitlabCiService#build_page
GitlabCiService#commit_status

(in file: app/models/project_services/hipchat_service.rb)
HipchatService#execute
HipchatService#description
HipchatService#to_param
HipchatService#fields
HipchatService#title

(in file: app/models/project_services/pivotaltracker_service.rb)
PivotaltrackerService#description
PivotaltrackerService#to_param
PivotaltrackerService#execute
PivotaltrackerService#fields
PivotaltrackerService#title

(in file: app/models/project_services/slack_message.rb)
SlackMessage#pretext
SlackMessage
SlackMessage#attachments

(in file: app/models/project_services/slack_service.rb)
SlackService#execute
SlackService#fields
SlackService#to_param
SlackService#description
SlackService#title

(in file: app/models/project_team.rb)
ProjectTeam#members
ProjectTeam#masters
ProjectTeam#import
ProjectTeam#max_tm_access
ProjectTeam#users
ProjectTeam#reporters
ProjectTeam#guests
ProjectTeam#find_tm
ProjectTeam#developers
ProjectTeam#add_user
ProjectTeam#add_users_ids
ProjectTeam
ProjectTeam#add_users
ProjectTeam#find

(in file: app/models/project_wiki.rb)
ProjectWiki::CouldNotCreateWikiError
ProjectWiki
ProjectWiki#page_title_and_dir
ProjectWiki#delete_page
ProjectWiki#update_page
ProjectWiki#create_page
ProjectWiki#http_url_to_repo
ProjectWiki#ssh_url_to_repo
ProjectWiki#url_to_repo
ProjectWiki#path_with_namespace
ProjectWiki::MARKUPS
ProjectWiki#path

(in file: app/models/protected_branch.rb)
ProtectedBranch#commit

(in file: app/models/repository.rb)
Repository#rm_branch
Repository#method_missing
Repository#cache_key
Repository#graph_log
Repository#expire_cache
Repository#commits_between
Repository#commits
Repository#commit
Repository#path_to_repo
Repository#find_tag
Repository#add_branch
Repository#add_tag
Repository#readme
Repository#blob_at
Repository#last_commit_for_path
Repository#rm_tag
Repository#round_commit_count
Repository#tree
Repository#tag_names
Repository#blob_by_oid
Repository#find_branch
Repository#commit_count
Repository#version
Repository#contribution_guide
Repository#head_commit
Repository
Repository#branches_sorted_by
Repository#blob_at_branch
Repository#branch_names

(in file: app/models/service.rb)
Service#fields
Service#execute
Service#to_param
Service#help
Service#title
Service#category
Service#description

(in file: app/models/snippet.rb)
Snippet.content_types
Snippet#size
Snippet#mode
Snippet#name
Snippet#data

(in file: app/models/tree.rb)
Tree#submodules
Tree#trees
Tree#sorted_entries
Tree
Tree#blobs

(in file: app/models/user.rb)
User#notification
User#post_create_hook
User#ensure_namespace_correct
User#avatar_url
User#notification_service
User#log_info
User.find_for_commit
User.filter
User.search
User.by_username_or_id
User.build_user
User#system_hook_service
User
User#sanitize_attrs
User#post_destroy_hook
User#unique_email
User#generate_tmp_oauth_email
User#all_ssh_keys
User#short_website_url
User#full_website_url
User#with_defaults
User#solo_owned_groups
User#namespace_uniq
User#created_by
User#accessible_deploy_keys
User#fork_of
User#tm_of
User#name_with_username
User#namespace_id
User#projects_sorted_by_activity
User#recent_push
User#projects_limit_percent
User#projects_limit_left
User#avatar_type
User#cared_merge_requests
User#first_name
User#abilities
User#owned_projects
User#generate_password

(in file: app/models/users_group.rb)
UsersGroup.group_access_roles
UsersGroup#access_field
UsersGroup#notify_create
UsersGroup#notify_update
UsersGroup#notification_service

(in file: app/models/users_project.rb)
UsersProject.truncate_teams
UsersProject#post_create_hook
UsersProject#access_field
UsersProject.access_roles
UsersProject.roles_hash
UsersProject.truncate_team
UsersProject#notification_service
UsersProject#post_update_hook
UsersProject#post_destroy_hook
UsersProject#system_hook_service

(in file: app/models/web_hook.rb)
WebHook#execute
WebHook#async_execute

(in file: app/models/wiki_page.rb)
WikiPage.model_name
WikiPage#commit
WikiPage.primary_key
WikiPage
WikiPage#to_key

(in file: app/services/base_service.rb)
BaseService#event_service
BaseService#abilities
BaseService#notification_service
BaseService
BaseService#log_info
BaseService#system_hook_service

(in file: app/services/create_branch_service.rb)
CreateBranchService#execute
CreateBranchService

(in file: app/services/create_tag_service.rb)
CreateTagService#execute
CreateTagService

(in file: app/services/delete_branch_service.rb)
DeleteBranchService
DeleteBranchService#success
DeleteBranchService#execute
DeleteBranchService#error

(in file: app/services/event_create_service.rb)
EventCreateService#reopen_mr
EventCreateService#merge_mr
EventCreateService#open_milestone
EventCreateService#close_milestone
EventCreateService#close_mr
EventCreateService#open_mr
EventCreateService#reopen_issue
EventCreateService#close_issue
EventCreateService#leave_note
EventCreateService#reopen_milestone
EventCreateService#open_issue

(in file: app/services/files/base_service.rb)
Files
Files::BaseService

(in file: app/services/files/create_service.rb)
Files::CreateService
Files::CreateService#execute

(in file: app/services/files/delete_service.rb)
Files::DeleteService#execute
Files::DeleteService

(in file: app/services/files/update_service.rb)
Files::UpdateService
Files::UpdateService#execute

(in file: app/services/git_push_service.rb)
GitPushService

(in file: app/services/git_tag_push_service.rb)
GitTagPushService
GitTagPushService#execute

(in file: app/services/gravatar_service.rb)
GravatarService#gravatar_url
GravatarService#gravatar_config
GravatarService#gitlab_config
GravatarService
GravatarService#execute

(in file: app/services/issues/base_service.rb)
Issues
Issues::BaseService

(in file: app/services/issues/bulk_update_service.rb)
Issues::BulkUpdateService#execute
Issues::BulkUpdateService

(in file: app/services/issues/close_service.rb)
Issues::CloseService#execute
Issues::CloseService

(in file: app/services/issues/create_service.rb)
Issues::CreateService#execute
Issues::CreateService

(in file: app/services/issues/reopen_service.rb)
Issues::ReopenService#execute
Issues::ReopenService

(in file: app/services/issues/update_service.rb)
Issues::UpdateService#execute
Issues::UpdateService

(in file: app/services/merge_requests/auto_merge_service.rb)
MergeRequests::AutoMergeService#execute

(in file: app/services/merge_requests/base_merge_service.rb)
MergeRequests::BaseMergeService

(in file: app/services/merge_requests/base_service.rb)
MergeRequests
MergeRequests::BaseService

(in file: app/services/merge_requests/close_service.rb)
MergeRequests::CloseService
MergeRequests::CloseService#execute

(in file: app/services/merge_requests/create_service.rb)
MergeRequests::CreateService
MergeRequests::CreateService#execute

(in file: app/services/merge_requests/merge_service.rb)
MergeRequests::MergeService#execute

(in file: app/services/merge_requests/reopen_service.rb)
MergeRequests::ReopenService#execute
MergeRequests::ReopenService

(in file: app/services/merge_requests/update_service.rb)
MergeRequests::UpdateService#execute
MergeRequests::UpdateService

(in file: app/services/milestones/base_service.rb)
Milestones
Milestones::BaseService

(in file: app/services/milestones/close_service.rb)
Milestones::CloseService#execute
Milestones::CloseService

(in file: app/services/milestones/create_service.rb)
Milestones::CreateService#execute
Milestones::CreateService

(in file: app/services/milestones/group_service.rb)
Milestones::GroupService
Milestones::GroupService#milestone
Milestones::GroupService#execute

(in file: app/services/milestones/reopen_service.rb)
Milestones::ReopenService
Milestones::ReopenService#execute

(in file: app/services/milestones/update_service.rb)
Milestones::UpdateService
Milestones::UpdateService#execute

(in file: app/services/notes/create_service.rb)
Notes::CreateService
Notes
Notes::CreateService#execute

(in file: app/services/notification_service.rb)
NotificationService#project_was_moved
NotificationService#update_group_member
NotificationService#new_team_member
NotificationService#new_group_member
NotificationService#update_team_member

(in file: app/services/projects/create_service.rb)
Projects::CreateService
Projects::CreateService#execute

(in file: app/services/projects/destroy_service.rb)
Projects::DestroyService
Projects::DestroyService#execute

(in file: app/services/projects/fork_service.rb)
Projects::ForkService
Projects::ForkService#execute

(in file: app/services/projects/image_service.rb)
Projects::ImageService#execute
Projects::ImageService

(in file: app/services/projects/participants_service.rb)
Projects::ParticipantsService#all_members
Projects::ParticipantsService#execute
Projects::ParticipantsService#sorted
Projects::ParticipantsService#participants_in
Projects::ParticipantsService

(in file: app/services/projects/transfer_service.rb)
Projects::TransferService#transfer
Projects::TransferService::TransferError
Projects::TransferService#execute
Projects::TransferService

(in file: app/services/projects/update_service.rb)
Projects::UpdateService#execute
Projects::UpdateService

(in file: app/services/search/global_service.rb)
Search::GlobalService
Search::GlobalService#result
Search::GlobalService#execute
Search

(in file: app/services/search/project_service.rb)
Search::ProjectService#execute
Search::ProjectService
Search::ProjectService#result

(in file: app/services/system_hooks_service.rb)
SystemHooksService#execute_hooks_for
SystemHooksService

(in file: app/services/test_hook_service.rb)
TestHookService#execute
TestHookService

(in file: app/uploaders/attachment_uploader.rb)
AttachmentUploader#store_dir
AttachmentUploader#reset_events_cache
AttachmentUploader
AttachmentUploader#secure_url

(in file: app/uploaders/file_uploader.rb)
FileUploader.generate_filename
FileUploader#base_dir
FileUploader.generate_dir
FileUploader#store_dir
FileUploader#store!
FileUploader#extension_white_list
FileUploader
FileUploader#cache_dir

(in file: app/workers/emails_on_push_worker.rb)
EmailsOnPushWorker
EmailsOnPushWorker#perform

(in file: app/workers/gitlab_shell_worker.rb)
GitlabShellWorker
GitlabShellWorker#perform

(in file: app/workers/post_receive.rb)
PostReceive#perform
PostReceive#log
PostReceive

(in file: app/workers/project_web_hook_worker.rb)
ProjectWebHookWorker#perform
ProjectWebHookWorker

(in file: app/workers/repository_import_worker.rb)
RepositoryImportWorker#perform
RepositoryImportWorker

(in file: app/workers/system_hook_worker.rb)
SystemHookWorker#perform
SystemHookWorker

(in file: lib/api/api.rb)
API
API::API

(in file: lib/api/entities.rb)
API::Entities::Event
API::Entities
API::Entities::Milestone
API::Entities::ProjectEntity
API::Entities::ProjectSnippet
API::Entities::RepoCommitDetail
API::Entities::RepoCommit
API::Entities::RepoTreeObject
API::Entities::RepoObject
API::Entities::GroupMember
API::Entities::GroupDetail
API::Entities::SSHKey
API::Entities::Group
API::Entities::ProjectMember
API::Entities::Note
API::Entities::MRNote
API::Entities::Issue
API::Entities::UserSafe
API::Entities::UserBasic
API::Entities::Project
API::Entities::User
API::Entities::ForkedFromProject
API::Entities::Namespace
API::Entities::ProjectHook
API::Entities::ProjectAccess
API::Entities::GroupAccess
API::Entities::ProjectWithAccess
API::Entities::Label
API::Entities::Compare
API::Entities::RepoDiff
API::Entities::MergeRequest
API::Entities::UserFull
API::Entities::UserLogin
API::Entities::Hook

(in file: lib/api/helpers.rb)
API::APIHelpers::SUDO_PARAM
API::APIHelpers#not_allowed!
API::APIHelpers
API::APIHelpers#render_api_error!
API::APIHelpers#unauthorized!
API::APIHelpers#not_found!
API::APIHelpers::PRIVATE_TOKEN_HEADER
API::APIHelpers#bad_request!
API::APIHelpers#authenticated_as_admin!
API::APIHelpers#authorize_admin_project
API::APIHelpers#authorize_push_project
API::APIHelpers#authorize!
API::APIHelpers#current_user
API::APIHelpers#sudo_identifier
API::APIHelpers#user_project
API::APIHelpers#find_project
API::APIHelpers#paginate
API::APIHelpers#authenticate!
API::APIHelpers::SUDO_HEADER
API::APIHelpers::PRIVATE_TOKEN_PARAM
API::APIHelpers#attributes_for_keys

(in file: lib/api/notes.rb)
API::Notes::NOTEABLE_TYPES

(in file: lib/backup/database.rb)
Backup::Database
Backup::Database#restore
Backup::Database#dump

(in file: lib/backup/manager.rb)
Backup::Manager#remove_old
Backup::Manager::BACKUP_CONTENTS
Backup::Manager#tar_version
Backup::Manager
Backup::Manager#pack
Backup::Manager#unpack
Backup::Manager#cleanup

(in file: lib/backup/repository.rb)
Backup::Repository
Backup::Repository#dump
Backup::Repository#restore

(in file: lib/backup/uploads.rb)
Backup::Uploads#backup_existing_uploads_dir
Backup
Backup::Uploads#restore
Backup::Uploads

(in file: lib/email_validator.rb)
EmailValidator.default_options
EmailValidator#validate_each

(in file: lib/event_filter.rb)
EventFilter.comments
EventFilter.team
EventFilter.merged
EventFilter#apply_filter
EventFilter#options
EventFilter
EventFilter.push
EventFilter.default_filter

(in file: lib/extracts_path.rb)
ExtractsPath#tree

(in file: lib/file_size_validator.rb)
FileSizeValidator::RESERVED_OPTIONS
FileSizeValidator::DEFAULT_TOKENIZER
FileSizeValidator::MESSAGES
FileSizeValidator::CHECKS
FileSizeValidator::Helper
FileSizeValidator
FileSizeValidator#help
FileSizeValidator#check_validity!

(in file: lib/gitlab/access.rb)
Gitlab::Access.options_with_owner
Gitlab::Access.options
Gitlab::Access.values
Gitlab::Access.sym_options
Gitlab::Access#human_access
Gitlab::Access
Gitlab::Access::GUEST
Gitlab::Access::MASTER
Gitlab::Access::DEVELOPER
Gitlab::Access::OWNER
Gitlab::Access::REPORTER

(in file: lib/gitlab/app_logger.rb)
Gitlab::AppLogger
Gitlab::AppLogger#format_message
Gitlab::AppLogger.file_name

(in file: lib/gitlab/auth.rb)
Gitlab::Auth#find
Gitlab::Auth#ldap_conf
Gitlab::Auth#log
Gitlab::Auth

(in file: lib/gitlab/backend/grack_auth.rb)
Grack::Auth
Grack
Grack::Auth#call

(in file: lib/gitlab/backend/shell.rb)
Gitlab::Shell#url_to_repo
Gitlab::Shell::KeyAdder
Gitlab::Shell::KeyAdder#add_key
Gitlab::Shell
Gitlab::Shell::AccessDenied

(in file: lib/gitlab/backend/shell_adapter.rb)
Gitlab::ShellAdapter
Gitlab::ShellAdapter#gitlab_shell

(in file: lib/gitlab/backend/shell_env.rb)
Gitlab::ShellEnv#set_env
Gitlab::ShellEnv#reset_env

(in file: lib/gitlab/blacklist.rb)
Gitlab::Blacklist
Gitlab::Blacklist#path

(in file: lib/gitlab/closing_issue_extractor.rb)
Gitlab::ClosingIssueExtractor::ISSUE_CLOSING_REGEX
Gitlab::ClosingIssueExtractor
Gitlab::ClosingIssueExtractor.closed_by_message_in_project

(in file: lib/gitlab/config_helper.rb)
Gitlab::ConfigHelper#gitlab_config
Gitlab::ConfigHelper#gitlab_config_features
Gitlab::ConfigHelper

(in file: lib/gitlab/diff_parser.rb)
Gitlab::DiffParser
Gitlab::DiffParser#each

(in file: lib/gitlab/git_access.rb)
Gitlab::GitAccess::PUSH_COMMANDS
Gitlab::GitAccess
Gitlab::GitAccess::DOWNLOAD_COMMANDS

(in file: lib/gitlab/git_logger.rb)
Gitlab::GitLogger
Gitlab::GitLogger.file_name
Gitlab::GitLogger#format_message

(in file: lib/gitlab/identifier.rb)
Gitlab::Identifier#identify
Gitlab::Identifier

(in file: lib/gitlab/inline_diff.rb)
Gitlab::InlineDiff._indexes_of_changed_lines
Gitlab::InlineDiff.replace_markers
Gitlab::InlineDiff::START
Gitlab::InlineDiff.processing
Gitlab::InlineDiff
Gitlab::InlineDiff::FINISH

(in file: lib/gitlab/issues_labels.rb)
Gitlab::IssuesLabels.generate
Gitlab::IssuesLabels.positive_labels
Gitlab::IssuesLabels.important_labels
Gitlab::IssuesLabels.warning_labels
Gitlab::IssuesLabels.neutral_labels
Gitlab::IssuesLabels

(in file: lib/gitlab/ldap/access.rb)
Gitlab::LDAP::Access
Gitlab::LDAP::Access.open

(in file: lib/gitlab/ldap/adapter.rb)
Gitlab::LDAP::Adapter.open
Gitlab::LDAP::Adapter.config
Gitlab::LDAP::Adapter.adapter_options
Gitlab::LDAP::Adapter#users
Gitlab::LDAP::Adapter#user
Gitlab::LDAP::Adapter#ldap_search
Gitlab::LDAP::Adapter

(in file: lib/gitlab/ldap/person.rb)
Gitlab::LDAP::Person#uid
Gitlab::LDAP::Person
Gitlab::LDAP::Person#dn
Gitlab::LDAP::Person#name
Gitlab::LDAP::Person.find_by_dn
Gitlab::LDAP::Person.find_by_uid
Gitlab::LDAP::Person#username

(in file: lib/gitlab/ldap/user.rb)
Gitlab::LDAP::User.find_user
Gitlab::LDAP::User.find_or_create
Gitlab::LDAP
Gitlab::LDAP::User.authenticate
Gitlab::LDAP::User

(in file: lib/gitlab/logger.rb)
Gitlab::Logger
Gitlab::Logger.error
Gitlab::Logger.info
Gitlab::Logger.build
Gitlab::Logger.read_latest
Gitlab::Logger.read_latest_for

(in file: lib/gitlab/oauth/user.rb)
Gitlab::OAuth::User.find
Gitlab::OAuth
Gitlab::OAuth::User.create
Gitlab::OAuth::User

(in file: lib/gitlab/popen.rb)
Gitlab::Popen
Gitlab::Popen#popen

(in file: lib/gitlab/reference_extractor.rb)
Gitlab::ReferenceExtractor#commits_for
Gitlab::ReferenceExtractor#issues_for
Gitlab::ReferenceExtractor#merge_requests_for
Gitlab::ReferenceExtractor#snippets_for
Gitlab::ReferenceExtractor#analyze

(in file: lib/gitlab/regex.rb)
Gitlab::Regex#path_regex_message
Gitlab::Regex#path_regex
Gitlab::Regex#name_regex_message
Gitlab::Regex#archive_formats_regex
Gitlab::Regex#name_regex
Gitlab::Regex#project_regex_message
Gitlab::Regex#git_reference_regex
Gitlab::Regex
Gitlab::Regex#username_regex_message
Gitlab::Regex#project_name_regex
Gitlab::Regex#username_regex

(in file: lib/gitlab/satellite/action.rb)
Gitlab::Satellite::Action
Gitlab::Satellite::Action::DEFAULT_OPTIONS

(in file: lib/gitlab/satellite/compare_action.rb)
Gitlab::Satellite::CompareAction

(in file: lib/gitlab/satellite/files/delete_file_action.rb)
Gitlab::Satellite::DeleteFileAction

(in file: lib/gitlab/satellite/files/file_action.rb)
Gitlab::Satellite::FileAction#write_file
Gitlab::Satellite::FileAction

(in file: lib/gitlab/satellite/files/new_file_action.rb)
Gitlab::Satellite::NewFileAction

(in file: lib/gitlab/satellite/logger.rb)
Gitlab::Satellite
Gitlab::Satellite::Logger.file_name
Gitlab::Satellite::Logger#format_message
Gitlab::Satellite::Logger

(in file: lib/gitlab/satellite/satellite.rb)
Gitlab::Satellite::Satellite#lock_file
Gitlab::Satellite::Satellite::PARKING_BRANCH
Gitlab::Satellite::Satellite#path
Gitlab::Satellite::Satellite#create
Gitlab::Satellite::Satellite#destroy
Gitlab::Satellite::Satellite#repo
Gitlab::Satellite::Satellite
Gitlab::Satellite::Satellite#log
Gitlab::Satellite::Satellite#clear_and_update!

(in file: lib/gitlab/seeder.rb)
Gitlab::Seeder.by_user
Gitlab::Seeder
Gitlab::Seeder.quiet
Gitlab::Seeder.mute_mailer

(in file: lib/gitlab/theme.rb)
Gitlab::Theme::GRAY
Gitlab::Theme
Gitlab::Theme.css_class_by_id
Gitlab::Theme::MARS
Gitlab::Theme::MODERN
Gitlab::Theme::COLOR
Gitlab::Theme::BASIC

(in file: lib/gitlab/upgrader.rb)
Gitlab::Upgrader#latest_version_raw
Gitlab::Upgrader#update_commands
Gitlab::Upgrader#current_version_raw
Gitlab::Upgrader#latest_version
Gitlab::Upgrader#current_version
Gitlab::Upgrader#gitlab_path
Gitlab::Upgrader#upgrade
Gitlab::Upgrader
Gitlab::Upgrader#execute
Gitlab::Upgrader#env

(in file: lib/gitlab/url_builder.rb)
Gitlab::UrlBuilder
Gitlab::UrlBuilder#build

(in file: lib/gitlab/user_access.rb)
Gitlab::UserAccess

(in file: lib/gitlab/version_info.rb)
Gitlab::VersionInfo.parse
Gitlab::VersionInfo#<=>
Gitlab::VersionInfo
Gitlab::VersionInfo#to_s

(in file: lib/gitlab/visibility_level.rb)
Gitlab::VisibilityLevel::INTERNAL
Gitlab::VisibilityLevel::PRIVATE
Gitlab::VisibilityLevel::PUBLIC
Gitlab::VisibilityLevel.values
Gitlab::VisibilityLevel.options
Gitlab::VisibilityLevel

(in file: lib/redcarpet/render/gitlab_html.rb)
Redcarpet::Render::GitlabHTML#postprocess
Redcarpet::Render::GitlabHTML#header
Redcarpet::Render::GitlabHTML#link
Redcarpet::Render::GitlabHTML
Redcarpet::Render::GitlabHTML#block_code

(in file: lib/static_model.rb)
StaticModel::ClassMethods
StaticModel#==
StaticModel#to_param
